<?xml version="1.0" encoding="UTF-8"?>
<!-- Generated by org.testng.reporters.JUnitReportReporter -->
<testsuite hostname="LAPTOP-61IDA7D1" failures="0" tests="1" name="testCases.TC001_LoginPageTest" time="0.131" errors="0" timestamp="2025-06-06T19:25:55 IST" skipped="0">
  <testcase classname="testCases.TC001_LoginPageTest" name="verify_loginPage" time="0.131"/>
</testsuite> <!-- testCases.TC001_LoginPageTest -->
